Season-1,シーズン１,,,,
Season-2,シーズン２,,,,
Season-3,シーズン３,,,,
Season-Arsha,シーズンアルシャ,,,,
Olivia-1,オルビア１,O1,,,
Olivia-2,オルビア２,O2,,,
Balenos-1,バレノス１,B1,,,
Balenos-2,バレノス２,B2,,,
Balenos-3,バレノス３,B3,,,
Balenos-4,バレノス４,B4,,,
Serendia-1,セレンディア１,S1,,,
Serendia-2,セレンディア２,S2,,,
Serendia-3,セレンディア３,S3,,,
Serendia-4,セレンディア４,S4,,,
Calpheon-1,カルフェオン１,C1,,,
Calpheon-2,カルフェオン２,C2,,,
Calpheon-3,カルフェオン３,C3,,,
Media-1,メディア１,M1,,,
Media-2,メディア２,M2,,,
Media-3,メディア３,M3,,,
Media-4,メディア４,M4,,,
Valencia-1,バレンシア１,B1,,,
Valencia-2,バレンシア２,B2,,,
Valencia-3,バレンシア３,B3,,,
Valencia-4,バレンシア４,B4,,,
Magoria-1,マゴリア１,孫１,マゴ１,Mg1,G1
Magoria-2,マゴリア２,孫２,マゴ２,Mg2,G2
Magoria-3,マゴリア３,孫３,マゴ３,Mg3,G3
Kamasylvia-1,カーマスリビア１,K1,,,
Kamasylvia-2,カーマスリビア２,K2,,,
Kamasylvia-3,カーマスリビア３,K3,,,
Arsha,アルシャ,A,,,
